# JRE version: Java(TM) SE Runtime Environment (8.0_421) (build 1.8.0_421-b09)
# Java VM: Java HotSpot(TM) 64-Bit Server VM (25.421-b09 mixed mode windows-amd64 compressed oops)
Heap:
 PSYoungGen      total 1041920K, used 927914K [0x000000076b500000, 0x00000007bf380000, 0x00000007c0000000)
  eden space 717824K, 100% used [0x000000076b500000,0x0000000797200000,0x0000000797200000)
  from space 324096K, 64% used [0x0000000797200000,0x00000007a3f2a8e8,0x00000007aae80000)
  to   space 316416K, 72% used [0x00000007abe80000,0x00000007b9e1b6c8,0x00000007bf380000)
 ParOldGen       total 1873408K, used 1594208K [0x00000006c1e00000, 0x0000000734380000, 0x000000076b500000)
  object space 1873408K, 85% used [0x00000006c1e00000,0x00000007232d8178,0x0000000734380000)
 Metaspace       used 14673K, capacity 15306K, committed 15488K, reserved 1062912K
  class space    used 1440K, capacity 1553K, committed 1664K, reserved 1048576K
GC Heap History (10 events):
Event: 32.220 GC heap after
Heap after GC invocations=48 (full 5):
 PSYoungGen      total 997888K, used 217251K [0x000000076b500000, 0x00000007bf200000, 0x00000007c0000000)
  eden space 638464K, 0% used [0x000000076b500000,0x000000076b500000,0x0000000792480000)
  from space 359424K, 60% used [0x0000000792480000,0x000000079f8a8d68,0x00000007a8380000)
  to   space 348672K, 0% used [0x00000007a9d80000,0x00000007a9d80000,0x00000007bf200000)
 ParOldGen       total 1873408K, used 1523215K [0x00000006c1e00000, 0x0000000734380000, 0x000000076b500000)
  object space 1873408K, 81% used [0x00000006c1e00000,0x000000071ed83ef8,0x0000000734380000)
 Metaspace       used 14652K, capacity 15290K, committed 15488K, reserved 1062912K
  class space    used 1440K, capacity 1553K, committed 1664K, reserved 1048576K
}
Event: 32.407 GC heap before
{Heap before GC invocations=49 (full 5):
 PSYoungGen      total 997888K, used 855715K [0x000000076b500000, 0x00000007bf200000, 0x00000007c0000000)
  eden space 638464K, 100% used [0x000000076b500000,0x0000000792480000,0x0000000792480000)
  from space 359424K, 60% used [0x0000000792480000,0x000000079f8a8d68,0x00000007a8380000)
  to   space 348672K, 0% used [0x00000007a9d80000,0x00000007a9d80000,0x00000007bf200000)
 ParOldGen       total 1873408K, used 1523215K [0x00000006c1e00000, 0x0000000734380000, 0x000000076b500000)
  object space 1873408K, 81% used [0x00000006c1e00000,0x000000071ed83ef8,0x0000000734380000)
 Metaspace       used 14653K, capacity 15290K, committed 15488K, reserved 1062912K
  class space    used 1440K, capacity 1553K, committed 1664K, reserved 1048576K
Event: 32.464 GC heap after
Heap after GC invocations=49 (full 5):
 PSYoungGen      total 1013248K, used 215202K [0x000000076b500000, 0x00000007be380000, 0x00000007c0000000)
  eden space 679424K, 0% used [0x000000076b500000,0x000000076b500000,0x0000000794c80000)
  from space 333824K, 64% used [0x00000007a9d80000,0x00000007b6fa8b18,0x00000007be380000)
  to   space 339456K, 0% used [0x0000000794c80000,0x0000000794c80000,0x00000007a9800000)
 ParOldGen       total 1873408K, used 1536945K [0x00000006c1e00000, 0x0000000734380000, 0x000000076b500000)
  object space 1873408K, 82% used [0x00000006c1e00000,0x000000071faec770,0x0000000734380000)
 Metaspace       used 14653K, capacity 15290K, committed 15488K, reserved 1062912K
  class space    used 1440K, capacity 1553K, committed 1664K, reserved 1048576K
}
Event: 32.661 GC heap before
{Heap before GC invocations=50 (full 5):
 PSYoungGen      total 1013248K, used 894626K [0x000000076b500000, 0x00000007be380000, 0x00000007c0000000)
  eden space 679424K, 100% used [0x000000076b500000,0x0000000794c80000,0x0000000794c80000)
  from space 333824K, 64% used [0x00000007a9d80000,0x00000007b6fa8b18,0x00000007be380000)
  to   space 339456K, 0% used [0x0000000794c80000,0x0000000794c80000,0x00000007a9800000)
 ParOldGen       total 1873408K, used 1536945K [0x00000006c1e00000, 0x0000000734380000, 0x000000076b500000)
  object space 1873408K, 82% used [0x00000006c1e00000,0x000000071faec770,0x0000000734380000)
 Metaspace       used 14653K, capacity 15290K, committed 15488K, reserved 1062912K
  class space    used 1440K, capacity 1553K, committed 1664K, reserved 1048576K
Event: 32.714 GC heap after
Heap after GC invocations=50 (full 5):
 PSYoungGen      total 1018880K, used 214993K [0x000000076b500000, 0x00000007bf380000, 0x00000007c0000000)
  eden space 679424K, 0% used [0x000000076b500000,0x000000076b500000,0x0000000794c80000)
  from space 339456K, 63% used [0x0000000794c80000,0x00000007a1e74428,0x00000007a9800000)
  to   space 330240K, 0% used [0x00000007ab100000,0x00000007ab100000,0x00000007bf380000)
 ParOldGen       total 1873408K, used 1549498K [0x00000006c1e00000, 0x0000000734380000, 0x000000076b500000)
  object space 1873408K, 82% used [0x00000006c1e00000,0x000000072072e880,0x0000000734380000)
 Metaspace       used 14653K, capacity 15290K, committed 15488K, reserved 1062912K
  class space    used 1440K, capacity 1553K, committed 1664K, reserved 1048576K
}
Event: 32.942 GC heap before
{Heap before GC invocations=51 (full 5):
 PSYoungGen      total 1018880K, used 894417K [0x000000076b500000, 0x00000007bf380000, 0x00000007c0000000)
  eden space 679424K, 100% used [0x000000076b500000,0x0000000794c80000,0x0000000794c80000)
  from space 339456K, 63% used [0x0000000794c80000,0x00000007a1e74428,0x00000007a9800000)
  to   space 330240K, 0% used [0x00000007ab100000,0x00000007ab100000,0x00000007bf380000)
 ParOldGen       total 1873408K, used 1549498K [0x00000006c1e00000, 0x0000000734380000, 0x000000076b500000)
  object space 1873408K, 82% used [0x00000006c1e00000,0x000000072072e880,0x0000000734380000)
 Metaspace       used 14661K, capacity 15294K, committed 15488K, reserved 1062912K
  class space    used 1440K, capacity 1553K, committed 1664K, reserved 1048576K
Event: 32.998 GC heap after
Heap after GC invocations=51 (full 5):
 PSYoungGen      total 1039360K, used 203355K [0x000000076b500000, 0x00000007beb00000, 0x00000007c0000000)
  eden space 717824K, 0% used [0x000000076b500000,0x000000076b500000,0x0000000797200000)
  from space 321536K, 63% used [0x00000007ab100000,0x00000007b7796c90,0x00000007beb00000)
  to   space 324096K, 0% used [0x0000000797200000,0x0000000797200000,0x00000007aae80000)
 ParOldGen       total 1873408K, used 1566270K [0x00000006c1e00000, 0x0000000734380000, 0x000000076b500000)
  object space 1873408K, 83% used [0x00000006c1e00000,0x000000072178f858,0x0000000734380000)
 Metaspace       used 14661K, capacity 15294K, committed 15488K, reserved 1062912K
  class space    used 1440K, capacity 1553K, committed 1664K, reserved 1048576K
}
Event: 33.255 GC heap before
{Heap before GC invocations=52 (full 5):
 PSYoungGen      total 1039360K, used 921179K [0x000000076b500000, 0x00000007beb00000, 0x00000007c0000000)
  eden space 717824K, 100% used [0x000000076b500000,0x0000000797200000,0x0000000797200000)
  from space 321536K, 63% used [0x00000007ab100000,0x00000007b7796c90,0x00000007beb00000)
  to   space 324096K, 0% used [0x0000000797200000,0x0000000797200000,0x00000007aae80000)
 ParOldGen       total 1873408K, used 1566270K [0x00000006c1e00000, 0x0000000734380000, 0x000000076b500000)
  object space 1873408K, 83% used [0x00000006c1e00000,0x000000072178f858,0x0000000734380000)
 Metaspace       used 14671K, capacity 15302K, committed 15488K, reserved 1062912K
  class space    used 1440K, capacity 1553K, committed 1664K, reserved 1048576K
Event: 33.316 GC heap after
Heap after GC invocations=52 (full 5):
 PSYoungGen      total 1041920K, used 210090K [0x000000076b500000, 0x00000007bf380000, 0x00000007c0000000)
  eden space 717824K, 0% used [0x000000076b500000,0x000000076b500000,0x0000000797200000)
  from space 324096K, 64% used [0x0000000797200000,0x00000007a3f2a8e8,0x00000007aae80000)
  to   space 316416K, 0% used [0x00000007abe80000,0x00000007abe80000,0x00000007bf380000)
 ParOldGen       total 1873408K, used 1581492K [0x00000006c1e00000, 0x0000000734380000, 0x000000076b500000)
  object space 1873408K, 84% used [0x00000006c1e00000,0x000000072266d398,0x0000000734380000)
 Metaspace       used 14671K, capacity 15302K, committed 15488K, reserved 1062912K
  class space    used 1440K, capacity 1553K, committed 1664K, reserved 1048576K
}
Event: 33.568 GC heap before
{Heap before GC invocations=53 (full 5):
 PSYoungGen      total 1041920K, used 927914K [0x000000076b500000, 0x00000007bf380000, 0x00000007c0000000)
  eden space 717824K, 100% used [0x000000076b500000,0x0000000797200000,0x0000000797200000)
  from space 324096K, 64% used [0x0000000797200000,0x00000007a3f2a8e8,0x00000007aae80000)
  to   space 316416K, 0% used [0x00000007abe80000,0x00000007abe80000,0x00000007bf380000)
 ParOldGen       total 1873408K, used 1581492K [0x00000006c1e00000, 0x0000000734380000, 0x000000076b500000)
  object space 1873408K, 84% used [0x00000006c1e00000,0x000000072266d398,0x0000000734380000)
 Metaspace       used 14673K, capacity 15306K, committed 15488K, reserved 1062912K
  class space    used 1440K, capacity 1553K, committed 1664K, reserved 1048576K

